<?xml version="1.0" encoding="UTF-8"?>
<!-- Generated by org.testng.reporters.JUnitXMLReporter -->
<testsuite hostname="IN5CG5231V5S" ignored="0" name="Test" tests="11" failures="0" timestamp="01 Feb 2019 06:42:35 GMT" time="0.225" errors="0">
  <testcase name="test11" time="0.032" classname="org.testngPrac.Class2"/>
  <testcase name="test11" time="0.015" classname="org.testngPrac.Class2"/>
  <testcase name="test11" time="0.019" classname="org.testngPrac.Class2"/>
  <testcase name="test12" time="0.0" classname="org.testngPrac.Class2"/>
  <testcase name="test13" time="0.015" classname="org.testngPrac.Class2"/>
  <testcase name="test14" time="0.0" classname="org.testngPrac.Class2"/>
  <testcase name="test1" time="0.0" classname="org.testngPrac.Class1"/>
  <testcase name="test1" time="0.016" classname="org.testngPrac.Class1"/>
  <testcase name="test1" time="0.015" classname="org.testngPrac.Class1"/>
  <testcase name="test2" time="0.0" classname="org.testngPrac.Class1"/>
  <testcase name="test3" time="0.0" classname="org.testngPrac.Class1"/>
</testsuite> <!-- Test -->
