<?xml version="1.0" encoding="UTF-8"?>
<testng-results skipped="0" failed="0" ignored="0" total="11" passed="11">
  <reporter-output>
  </reporter-output>
  <suite name="Suite" duration-ms="225" started-at="2019-02-01T06:42:34Z" finished-at="2019-02-01T06:42:34Z">
    <groups>
      <group name="Reg">
        <method signature="Class1.test3()[pri:0, instance:org.testngPrac.Class1@1efbd816]" name="test3" class="org.testngPrac.Class1"/>
      </group> <!-- Reg -->
      <group name="Smoke">
        <method signature="Class1.test1([Ljava.lang.String;)[pri:0, instance:org.testngPrac.Class1@1efbd816]" name="test1" class="org.testngPrac.Class1"/>
        <method signature="Class1.test2()[pri:0, instance:org.testngPrac.Class1@1efbd816]" name="test2" class="org.testngPrac.Class1"/>
        <method signature="Class1.test3()[pri:0, instance:org.testngPrac.Class1@1efbd816]" name="test3" class="org.testngPrac.Class1"/>
        <method signature="Class2.test11(java.lang.String, java.lang.String, java.lang.String)[pri:0, instance:org.testngPrac.Class2@66d2e7d9]" name="test11" class="org.testngPrac.Class2"/>
      </group> <!-- Smoke -->
    </groups>
    <test name="Test" duration-ms="225" started-at="2019-02-01T06:42:34Z" finished-at="2019-02-01T06:42:34Z">
      <class name="org.testngPrac.Class2">
        <test-method status="PASS" signature="test11(java.lang.String, java.lang.String, java.lang.String)[pri:0, instance:org.testngPrac.Class2@66d2e7d9]" name="test11" duration-ms="32" started-at="2019-02-01T06:42:34Z" data-provider="res" finished-at="2019-02-01T06:42:34Z">
          <params>
            <param index="0">
              <value>
                <![CDATA[nits]]>
              </value>
            </param>
            <param index="1">
              <value>
                <![CDATA[hi]]>
              </value>
            </param>
            <param index="2">
              <value>
                <![CDATA[a]]>
              </value>
            </param>
          </params>
          <reporter-output>
          </reporter-output>
        </test-method> <!-- test11 -->
        <test-method status="PASS" signature="test11(java.lang.String, java.lang.String, java.lang.String)[pri:0, instance:org.testngPrac.Class2@66d2e7d9]" name="test11" duration-ms="15" started-at="2019-02-01T06:42:34Z" data-provider="res" finished-at="2019-02-01T06:42:34Z">
          <params>
            <param index="0">
              <value>
                <![CDATA[subbu]]>
              </value>
            </param>
            <param index="1">
              <value>
                <![CDATA[hello]]>
              </value>
            </param>
            <param index="2">
              <value>
                <![CDATA[b]]>
              </value>
            </param>
          </params>
          <reporter-output>
          </reporter-output>
        </test-method> <!-- test11 -->
        <test-method status="PASS" signature="test11(java.lang.String, java.lang.String, java.lang.String)[pri:0, instance:org.testngPrac.Class2@66d2e7d9]" name="test11" duration-ms="19" started-at="2019-02-01T06:42:34Z" data-provider="res" finished-at="2019-02-01T06:42:34Z">
          <params>
            <param index="0">
              <value>
                <![CDATA[bha]]>
              </value>
            </param>
            <param index="1">
              <value>
                <![CDATA[bye]]>
              </value>
            </param>
            <param index="2">
              <value>
                <![CDATA[c]]>
              </value>
            </param>
          </params>
          <reporter-output>
          </reporter-output>
        </test-method> <!-- test11 -->
        <test-method status="PASS" signature="test13()[pri:0, instance:org.testngPrac.Class2@66d2e7d9]" name="test13" duration-ms="15" started-at="2019-02-01T06:42:34Z" finished-at="2019-02-01T06:42:34Z">
          <reporter-output>
          </reporter-output>
        </test-method> <!-- test13 -->
        <test-method status="PASS" signature="test12()[pri:0, instance:org.testngPrac.Class2@66d2e7d9]" name="test12" duration-ms="0" started-at="2019-02-01T06:42:34Z" finished-at="2019-02-01T06:42:34Z">
          <reporter-output>
          </reporter-output>
        </test-method> <!-- test12 -->
        <test-method status="PASS" signature="test14()[pri:0, instance:org.testngPrac.Class2@66d2e7d9]" name="test14" duration-ms="0" started-at="2019-02-01T06:42:34Z" finished-at="2019-02-01T06:42:34Z">
          <reporter-output>
          </reporter-output>
        </test-method> <!-- test14 -->
      </class> <!-- org.testngPrac.Class2 -->
      <class name="org.testngPrac.Class1">
        <test-method status="PASS" signature="test1([Ljava.lang.String;)[pri:0, instance:org.testngPrac.Class1@1efbd816]" name="test1" duration-ms="0" started-at="2019-02-01T06:42:34Z" data-provider="res" finished-at="2019-02-01T06:42:34Z">
          <params>
            <param index="0">
              <value>
                <![CDATA[[Ljava.lang.String;@335eadca]]>
              </value>
            </param>
          </params>
          <reporter-output>
          </reporter-output>
        </test-method> <!-- test1 -->
        <test-method status="PASS" signature="test1([Ljava.lang.String;)[pri:0, instance:org.testngPrac.Class1@1efbd816]" name="test1" duration-ms="16" started-at="2019-02-01T06:42:34Z" data-provider="res" finished-at="2019-02-01T06:42:34Z">
          <params>
            <param index="0">
              <value>
                <![CDATA[[Ljava.lang.String;@210366b4]]>
              </value>
            </param>
          </params>
          <reporter-output>
          </reporter-output>
        </test-method> <!-- test1 -->
        <test-method status="PASS" signature="test1([Ljava.lang.String;)[pri:0, instance:org.testngPrac.Class1@1efbd816]" name="test1" duration-ms="15" started-at="2019-02-01T06:42:34Z" data-provider="res" finished-at="2019-02-01T06:42:34Z">
          <params>
            <param index="0">
              <value>
                <![CDATA[[Ljava.lang.String;@eec5a4a]]>
              </value>
            </param>
          </params>
          <reporter-output>
          </reporter-output>
        </test-method> <!-- test1 -->
        <test-method status="PASS" signature="test2()[pri:0, instance:org.testngPrac.Class1@1efbd816]" name="test2" duration-ms="0" started-at="2019-02-01T06:42:34Z" finished-at="2019-02-01T06:42:34Z">
          <reporter-output>
          </reporter-output>
        </test-method> <!-- test2 -->
        <test-method status="PASS" signature="test3()[pri:0, instance:org.testngPrac.Class1@1efbd816]" name="test3" duration-ms="0" started-at="2019-02-01T06:42:34Z" finished-at="2019-02-01T06:42:34Z">
          <reporter-output>
          </reporter-output>
        </test-method> <!-- test3 -->
      </class> <!-- org.testngPrac.Class1 -->
    </test> <!-- Test -->
  </suite> <!-- Suite -->
</testng-results>
